#
# There is insufficient memory for the Java Runtime Environment to continue.
# Native memory allocation (malloc) failed to allocate 1048576 bytes for AllocateHeap
# Possible reasons:
#   The system is out of physical RAM or swap space
#   The process is running with CompressedOops enabled, and the Java Heap may be blocking the growth of the native heap
# Possible solutions:
#   Reduce memory load on the system
#   Increase physical memory or swap space
#   Check if swap backing store is full
#   Decrease Java heap size (-Xmx/-Xms)
#   Decrease number of Java threads
#   Decrease Java thread stack sizes (-Xss)
#   Set larger code cache with -XX:ReservedCodeCacheSize=
#   JVM is running with Unscaled Compressed Oops mode in which the Java heap is
#     placed in the first 4GB address space. The Java Heap base address is the
#     maximum limit for the native heap growth. Please use -XX:HeapBaseMinAddress
#     to set the Java Heap base and to place the Java Heap above 4GB virtual address.
# This output file may be truncated or incomplete.
#
#  Out of Memory Error (memory/allocation.inline.hpp:61), pid=27780, tid=0x0000000000005e18
#
# JRE version:  (8.0_401) (build )
# Java VM: Java HotSpot(TM) 64-Bit Server VM (25.401-b10 mixed mode windows-amd64 compressed oops)
# Failed to write core dump. Minidumps are not enabled by default on client versions of Windows
#

---------------  T H R E A D  ---------------

Current thread (0x00000221e2787800):  JavaThread "Unknown thread" [_thread_in_vm, id=24088, stack(0x0000006876b00000,0x0000006876c00000)]

Stack: [0x0000006876b00000,0x0000006876c00000]
Native frames: (J=compiled Java code, j=interpreted, Vv=VM code, C=native code)
V  [jvm.dll+0x3530d9]
V  [jvm.dll+0x290072]
V  [jvm.dll+0x290c3d]
V  [jvm.dll+0x285275]
V  [jvm.dll+0x502d]
V  [jvm.dll+0x3f02f2]
V  [jvm.dll+0x3f1067]
V  [jvm.dll+0x3ece57]
V  [jvm.dll+0x105adf]
V  [jvm.dll+0x21b0eb]
V  [jvm.dll+0x24c04a]
V  [jvm.dll+0x16d5e6]
C  [java.exe+0x2412]
C  [java.exe+0x165e0]
C  [KERNEL32.DLL+0x1257d]
C  [ntdll.dll+0x5af28]


---------------  P R O C E S S  ---------------

Java Threads: ( => current thread )

Other Threads:

=>0x00000221e2787800 (exited) JavaThread "Unknown thread" [_thread_in_vm, id=24088, stack(0x0000006876b00000,0x0000006876c00000)]

VM state:not at safepoint (normal execution)

VM Mutex/Monitor currently owned by a thread: None

heap address: 0x0000000085e00000, size: 1954 MB, Compressed Oops mode: 32-bit
Narrow klass base: 0x0000000000000000, Narrow klass shift: 3
Compressed class space size: 1073741824 Address: 0x0000000100000000

Heap:
 PSYoungGen      total 36864K, used 634K [0x00000000d7500000, 0x00000000d9e00000, 0x0000000100000000)
  eden space 31744K, 2% used [0x00000000d7500000,0x00000000d759eb90,0x00000000d9400000)
  from space 5120K, 0% used [0x00000000d9900000,0x00000000d9900000,0x00000000d9e00000)
  to   space 5120K, 0% used [0x00000000d9400000,0x00000000d9400000,0x00000000d9900000)
 ParOldGen       total 84992K, used 0K [0x0000000085e00000, 0x000000008b100000, 0x00000000d7500000)
  object space 84992K, 0% used [0x0000000085e00000,0x0000000085e00000,0x000000008b100000)
 Metaspace       used 775K, capacity 4480K, committed 4480K, reserved 1056768K
  class space    used 76K, capacity 384K, committed 384K, reserved 1048576K

Card table byte_map: [0x00000221f3550000,0x00000221f3930000] byte_map_base: 0x00000221f3121000

Marking Bits: (ParMarkBitMap*) 0x00007ff8b0ad5fc0
 Begin Bits: [0x00000221f3bc0000, 0x00000221f5a48000)
 End Bits:   [0x00000221f5a48000, 0x00000221f78d0000)

Polling page: 0x00000221e2720000

CodeCache: size=245760Kb used=329Kb max_used=329Kb free=245430Kb
 bounds [0x00000221e4190000, 0x00000221e4400000, 0x00000221f3190000]
 total_blobs=58 nmethods=0 adapters=38
 compilation: enabled

Compilation events (0 events):
No events

GC Heap History (0 events):
No events

Deoptimization events (0 events):
No events

Classes redefined (0 events):
No events

Internal exceptions (0 events):
No events

Events (10 events):
Event: 0.015 loading class java/lang/Short
Event: 0.015 loading class java/lang/Short done
Event: 0.015 loading class java/lang/Integer
Event: 0.015 loading class java/lang/Integer done
Event: 0.015 loading class java/lang/Long
Event: 0.015 loading class java/lang/Long done
Event: 0.015 loading class java/lang/NullPointerException
Event: 0.015 loading class java/lang/NullPointerException done
Event: 0.015 loading class java/lang/ArithmeticException
Event: 0.015 loading class java/lang/ArithmeticException done


Dynamic libraries:
0x00007ff79a8b0000 - 0x00007ff79a8fa000 	C:\Program Files\Java\jdk-1.8\bin\java.exe
0x00007ff9295b0000 - 0x00007ff9297c7000 	C:\Windows\SYSTEM32\ntdll.dll
0x00007ff927a60000 - 0x00007ff927b24000 	C:\Windows\System32\KERNEL32.DLL
0x00007ff926f30000 - 0x00007ff9272dd000 	C:\Windows\System32\KERNELBASE.dll
0x00007ff927370000 - 0x00007ff927422000 	C:\Windows\System32\ADVAPI32.dll
0x00007ff927490000 - 0x00007ff927537000 	C:\Windows\System32\msvcrt.dll
0x00007ff9279b0000 - 0x00007ff927a59000 	C:\Windows\System32\sechost.dll
0x00007ff926ac0000 - 0x00007ff926ae8000 	C:\Windows\System32\bcrypt.dll
0x00007ff927850000 - 0x00007ff927964000 	C:\Windows\System32\RPCRT4.dll
0x00007ff927540000 - 0x00007ff9276ee000 	C:\Windows\System32\USER32.dll
0x00007ff926dd0000 - 0x00007ff926df6000 	C:\Windows\System32\win32u.dll
0x00007ff927980000 - 0x00007ff9279a9000 	C:\Windows\System32\GDI32.dll
0x00007ff926b90000 - 0x00007ff926ca9000 	C:\Windows\System32\gdi32full.dll
0x00007ff926af0000 - 0x00007ff926b8a000 	C:\Windows\System32\msvcp_win.dll
0x00007ff926cb0000 - 0x00007ff926dc1000 	C:\Windows\System32\ucrtbase.dll
0x00007ff916120000 - 0x00007ff9163b3000 	C:\Windows\WinSxS\amd64_microsoft.windows.common-controls_6595b64144ccf1df_6.0.22621.3672_none_2713b9d173822955\COMCTL32.dll
0x00007ff928500000 - 0x00007ff928531000 	C:\Windows\System32\IMM32.DLL
0x00007ff916bf0000 - 0x00007ff916c0b000 	C:\Program Files\Java\jdk-1.8\jre\bin\vcruntime140.dll
0x00007ff916be0000 - 0x00007ff916bec000 	C:\Program Files\Java\jdk-1.8\jre\bin\vcruntime140_1.dll
0x00007ff9153f0000 - 0x00007ff91547e000 	C:\Program Files\Java\jdk-1.8\jre\bin\msvcp140.dll
0x00007ff8b02a0000 - 0x00007ff8b0b50000 	C:\Program Files\Java\jdk-1.8\jre\bin\server\jvm.dll
0x00007ff9283f0000 - 0x00007ff9283f8000 	C:\Windows\System32\PSAPI.DLL
0x00007ff91f5e0000 - 0x00007ff91f5e9000 	C:\Windows\SYSTEM32\WSOCK32.dll
0x00007ff91d300000 - 0x00007ff91d30a000 	C:\Windows\SYSTEM32\VERSION.dll
0x00007ff921c10000 - 0x00007ff921c44000 	C:\Windows\SYSTEM32\WINMM.dll
0x00007ff928e50000 - 0x00007ff928ec1000 	C:\Windows\System32\WS2_32.dll
0x00007ff9259f0000 - 0x00007ff925a08000 	C:\Windows\SYSTEM32\kernel.appcore.dll
0x00007ff91f5d0000 - 0x00007ff91f5e0000 	C:\Program Files\Java\jdk-1.8\jre\bin\verify.dll
0x00007ff9154e0000 - 0x00007ff91550b000 	C:\Program Files\Java\jdk-1.8\jre\bin\java.dll
0x00007ff9154c0000 - 0x00007ff9154d8000 	C:\Program Files\Java\jdk-1.8\jre\bin\zip.dll
0x00007ff923c90000 - 0x00007ff923ec2000 	C:\Windows\SYSTEM32\dbghelp.dll
0x00007ff928670000 - 0x00007ff9289fe000 	C:\Windows\System32\combase.dll
0x00007ff928c10000 - 0x00007ff928ce7000 	C:\Windows\System32\OLEAUT32.dll
0x00007ff926a40000 - 0x00007ff926abb000 	C:\Windows\System32\bcryptPrimitives.dll

VM Arguments:
jvm_args: -Dfile.encoding=UTF-8 
java_command: ui.Main
java_class_path (initial): D:\FPT\2024.FA3\LAB221\J1.S.P0056.ManageWorker\build\classes
Launcher Type: SUN_STANDARD

Environment Variables:
PATH=C:\Program Files\Common Files\Oracle\Java\javapath;C:\Program Files (x86)\Common Files\Oracle\Java\javapath;C:\Windows\system32;C:\Windows;C:\Windows\System32\Wbem;C:\Windows\System32\WindowsPowerShell\v1.0\;C:\Windows\System32\OpenSSH\;C:\Program Files (x86)\NVIDIA Corporation\PhysX\Common;C:\Program Files\dotnet\;C:\Program Files\Java\jdk-1.8\bin;C:\mingw64\bin;C:\Program Files\Git\cmd;C:\Program Files\NVIDIA Corporation\NVIDIA app\NvDLISR;c:\Users\admin\AppData\Local\Programs\cursor\resources\app\bin;C:\Program Files\Microsoft SQL Server\Client SDK\ODBC\170\Tools\Binn\;C:\Program Files (x86)\Microsoft SQL Server\150\Tools\Binn\;C:\Program Files\Microsoft SQL Server\150\Tools\Binn\;C:\Program Files\Microsoft SQL Server\150\DTS\Binn\;C:\Program Files (x86)\Microsoft SQL Server\160\DTS\Binn\;C:\Program Files\Azure Data Studio\bin;C:\Users\admin\AppData\Local\Microsoft\WindowsApps;C:\Users\admin\AppData\Local\Programs\Microsoft VS Code\bin;C:\msys64\mingw64\bin;C:\msys64\ucrt64\bin;C:\Users\admin\AppData\Local\GitHubDesktop\bin;;C:\Program Files\Azure Data Studio\bin
USERNAME=admin
OS=Windows_NT
PROCESSOR_IDENTIFIER=Intel64 Family 6 Model 154 Stepping 3, GenuineIntel



---------------  S Y S T E M  ---------------

OS: Windows 11 , 64 bit Build 22621 (10.0.22621.3958)

CPU:total 12 (initial active 12) (6 cores per cpu, 2 threads per core) family 6 model 154 stepping 3, cmov, cx8, fxsr, mmx, sse, sse2, sse3, ssse3, sse4.1, sse4.2, popcnt, avx, avx2, aes, clmul, erms, 3dnowpref, lzcnt, ht, tsc, tscinvbit, bmi1, bmi2, adx

Memory: 4k page, physical 8000436k(803968k free), swap 32117684k(5764k free)

vm_info: Java HotSpot(TM) 64-Bit Server VM (25.401-b10) for windows-amd64 JRE (1.8.0_401-b10), built on Dec 19 2023 12:38:48 by "java_re" with MS VC++ 17.1 (VS2022)

time: Sun Sep  8 15:28:31 2024
timezone: SE Asia Standard Time
elapsed time: 0.047360 seconds (0d 0h 0m 0s)

